<?xml version="1.0" encoding="UTF-8"?>
<testsuite name="SILab2Test" tests="2" skipped="0" failures="0" errors="0" timestamp="2021-05-23T16:13:28" hostname="DESKTOP-2NMKVJF" time="0.036">
  <properties/>
  <testcase name="multipleConditionsTest()" classname="SILab2Test" time="0.033"/>
  <testcase name="everyBranchTest()" classname="SILab2Test" time="0.003"/>
  <system-out><![CDATA[]]></system-out>
  <system-err><![CDATA[]]></system-err>
</testsuite>
